
Saving WDI data

Checking variable popFrac1564 
  N near year 2000: 195    Mean: 0.61    Std: 0.07   USA: 0.66 
     BHR: 0.76 to 0.78    2008  2009  2010  2011  2012  2013  2014
     MAC: 0.75 to 0.80    2005  2006  2007  2008  2009  2010  2011  2012  2013  2014
     QAT: 0.78 to 0.86    2006  2007  2008  2009  2010  2011  2012  2013  2014
     ARE: 0.76 to 0.86    2003  2004  2005  2006  2007  2008  2009  2010  2011  2012  2013  2014

Checking variable popFrac65plus 
  N near year 2000: 195    Mean: 0.07    Std: 0.05   USA: 0.12 
     DEU: 0.21 to 0.21    2009  2010  2011  2012  2013  2014
     ITA: 0.21 to 0.21    2011  2012  2013  2014
     JPN: 0.21 to 0.25    2007  2008  2009  2010  2011  2012  2013  2014
     QAT: 0.01 to 0.01    2012
     ARE: 0.00 to 0.01    1994  1995  1996  1997  2004  2005  2006  2007  2008  2009  2010  2011  2012  2013  2014

Checking variable empPop15plus 
  N near year 2000: 174    Mean: 0.58    Std: 0.12   USA: 0.64 

Checking variable lForceFemaleFrac 
  N near year 2000: 185    Mean: 0.40    Std: 0.10   USA: 0.46 

Checking variable self empl frac 
  N near year 2000: 175    Mean: 0.39    Std: 0.27   USA: 0.07 
     BFA: 0.96 to 0.96    1952  1953  1954  1955  1956  1957  1958  1959  1960  1961  1962  1963  1964  1965  1966  1967  1968  1969  1970  1971  1972  1973  1974  1975  1976  1977  1978  1979  1980  1981  1982  1983  1984  1985  1986  1987  1988  1989
     ETH: 0.96 to 0.97    1952  1953  1954  1955  1956  1957  1958  1959  1960  1961  1962  1963  1964  1965  1966  1967  1968  1969  1970  1971  1972  1973  1974  1975  1976  1977  1978  1979  1980  1981  1982
No of valid obs: 7153 

Checking variable employment / pop 
  N near year 2000: 168    Mean: 0.38    Std: 0.08   USA: 0.50 
     QAT: 0.65 to 0.75    2006  2007  2008  2009  2010  2011  2012  2013
     ARE: 0.63 to 0.65    2008  2009  2010  2011  2012
